[17-Jun-2019 23:24:16 UTC] PHP Notice:  SQRL Login Nut Generation -  in /Users/development/Sandbox/sqrl/index.php on line 36
[17-Jun-2019 23:28:36 UTC] PHP Notice:  SQRL Login Nut Generation -  in /Users/development/Sandbox/sqrl/index.php on line 36
[17-Jun-2019 23:29:33 UTC] PHP Notice:  SQRL Login Nut Generation -  in /Users/development/Sandbox/sqrl/index.php on line 36
[17-Jun-2019 23:39:14 UTC] PHP Notice:  SQRL Login Nut Generation -  in /Users/development/Sandbox/sqrl/index.php on line 32
[17-Jun-2019 23:39:14 UTC] PHP Notice:  Undefined property: Sqrl\Sqrl::$database in /Users/development/Sandbox/sqrl/Sqrl/Sqrl.php on line 333
[17-Jun-2019 23:39:14 UTC] PHP Fatal error:  Uncaught Error: Call to a member function storeIssuedNutRecord() on null in /Users/development/Sandbox/sqrl/Sqrl/Sqrl.php:333
Stack trace:
#0 /Users/development/Sandbox/sqrl/Sqrl/Sqrl.php(307): Sqrl\Sqrl->generateNut()
#1 /Users/development/Sandbox/sqrl/index.php(33): Sqrl\Sqrl->getUrl()
#2 {main}
  thrown in /Users/development/Sandbox/sqrl/Sqrl/Sqrl.php on line 333
[17-Jun-2019 23:41:39 UTC] PHP Notice:  SQRL Login Nut Generation -  in /Users/development/Sandbox/sqrl/index.php on line 32
[17-Jun-2019 23:41:39 UTC] PHP Notice:  Undefined property: Sqrl\Sqrl::$database in /Users/development/Sandbox/sqrl/Sqrl/Sqrl.php on line 333
[17-Jun-2019 23:41:39 UTC] PHP Fatal error:  Uncaught Error: Call to a member function storeIssuedNutRecord() on null in /Users/development/Sandbox/sqrl/Sqrl/Sqrl.php:333
Stack trace:
#0 /Users/development/Sandbox/sqrl/Sqrl/Sqrl.php(307): Sqrl\Sqrl->generateNut()
#1 /Users/development/Sandbox/sqrl/index.php(33): Sqrl\Sqrl->getUrl()
#2 {main}
  thrown in /Users/development/Sandbox/sqrl/Sqrl/Sqrl.php on line 333
[17-Jun-2019 23:41:55 UTC] PHP Notice:  SQRL Login Nut Generation -  in /Users/development/Sandbox/sqrl/index.php on line 32
[17-Jun-2019 23:41:55 UTC] PHP Notice:  Undefined property: Sqrl\Sqrl::$database in /Users/development/Sandbox/sqrl/Sqrl/Sqrl.php on line 333
[17-Jun-2019 23:41:55 UTC] PHP Fatal error:  Uncaught Error: Call to a member function storeIssuedNutRecord() on null in /Users/development/Sandbox/sqrl/Sqrl/Sqrl.php:333
Stack trace:
#0 /Users/development/Sandbox/sqrl/Sqrl/Sqrl.php(307): Sqrl\Sqrl->generateNut()
#1 /Users/development/Sandbox/sqrl/index.php(33): Sqrl\Sqrl->getUrl()
#2 {main}
  thrown in /Users/development/Sandbox/sqrl/Sqrl/Sqrl.php on line 333
[17-Jun-2019 23:42:15 UTC] PHP Notice:  SQRL Login Nut Generation -  in /Users/development/Sandbox/sqrl/index.php on line 32
[17-Jun-2019 23:42:15 UTC] PHP Notice:  Undefined property: Sqrl\Sqrl::$database in /Users/development/Sandbox/sqrl/Sqrl/Sqrl.php on line 334
[17-Jun-2019 23:42:15 UTC] PHP Fatal error:  Uncaught Error: Call to a member function storeIssuedNutRecord() on null in /Users/development/Sandbox/sqrl/Sqrl/Sqrl.php:334
Stack trace:
#0 /Users/development/Sandbox/sqrl/Sqrl/Sqrl.php(308): Sqrl\Sqrl->generateNut()
#1 /Users/development/Sandbox/sqrl/index.php(33): Sqrl\Sqrl->getUrl()
#2 {main}
  thrown in /Users/development/Sandbox/sqrl/Sqrl/Sqrl.php on line 334
[17-Jun-2019 23:42:22 UTC] PHP Notice:  SQRL Login Nut Generation -  in /Users/development/Sandbox/sqrl/index.php on line 32
[17-Jun-2019 23:42:22 UTC] PHP Notice:  Undefined property: Sqrl\Sqrl::$database in /Users/development/Sandbox/sqrl/Sqrl/Sqrl.php on line 335
[17-Jun-2019 23:42:22 UTC] PHP Fatal error:  Uncaught Error: Call to a member function storeIssuedNutRecord() on null in /Users/development/Sandbox/sqrl/Sqrl/Sqrl.php:335
Stack trace:
#0 /Users/development/Sandbox/sqrl/Sqrl/Sqrl.php(309): Sqrl\Sqrl->generateNut()
#1 /Users/development/Sandbox/sqrl/index.php(33): Sqrl\Sqrl->getUrl()
#2 {main}
  thrown in /Users/development/Sandbox/sqrl/Sqrl/Sqrl.php on line 335
[17-Jun-2019 23:42:31 UTC] PHP Notice:  SQRL Login Nut Generation -  in /Users/development/Sandbox/sqrl/index.php on line 32
[17-Jun-2019 23:42:31 UTC] PHP Notice:  Undefined property: Sqrl\Sqrl::$database in /Users/development/Sandbox/sqrl/Sqrl/Sqrl.php on line 335
[17-Jun-2019 23:42:31 UTC] PHP Fatal error:  Uncaught Error: Call to a member function storeIssuedNutRecord() on null in /Users/development/Sandbox/sqrl/Sqrl/Sqrl.php:335
Stack trace:
#0 /Users/development/Sandbox/sqrl/Sqrl/Sqrl.php(309): Sqrl\Sqrl->generateNut()
#1 /Users/development/Sandbox/sqrl/index.php(33): Sqrl\Sqrl->getUrl()
#2 {main}
  thrown in /Users/development/Sandbox/sqrl/Sqrl/Sqrl.php on line 335
[17-Jun-2019 23:42:39 UTC] PHP Notice:  SQRL Login Nut Generation -  in /Users/development/Sandbox/sqrl/index.php on line 32
[17-Jun-2019 23:42:39 UTC] PHP Notice:  Undefined property: Sqrl\Sqrl::$database in /Users/development/Sandbox/sqrl/Sqrl/Sqrl.php on line 336
[17-Jun-2019 23:42:39 UTC] PHP Fatal error:  Uncaught Error: Call to a member function storeIssuedNutRecord() on null in /Users/development/Sandbox/sqrl/Sqrl/Sqrl.php:336
Stack trace:
#0 /Users/development/Sandbox/sqrl/Sqrl/Sqrl.php(310): Sqrl\Sqrl->generateNut()
#1 /Users/development/Sandbox/sqrl/index.php(33): Sqrl\Sqrl->getUrl()
#2 {main}
  thrown in /Users/development/Sandbox/sqrl/Sqrl/Sqrl.php on line 336
[17-Jun-2019 23:43:04 UTC] PHP Notice:  SQRL Login Nut Generation -  in /Users/development/Sandbox/sqrl/index.php on line 32
[17-Jun-2019 23:43:04 UTC] PHP Notice:  Undefined property: Sqrl\Sqrl::$database in /Users/development/Sandbox/sqrl/Sqrl/Sqrl.php on line 335
[17-Jun-2019 23:43:04 UTC] PHP Fatal error:  Uncaught Error: Call to a member function storeIssuedNutRecord() on null in /Users/development/Sandbox/sqrl/Sqrl/Sqrl.php:335
Stack trace:
#0 /Users/development/Sandbox/sqrl/Sqrl/Sqrl.php(309): Sqrl\Sqrl->generateNut()
#1 /Users/development/Sandbox/sqrl/index.php(33): Sqrl\Sqrl->getUrl()
#2 {main}
  thrown in /Users/development/Sandbox/sqrl/Sqrl/Sqrl.php on line 335
[17-Jun-2019 23:43:21 UTC] PHP Notice:  SQRL Login Nut Generation -  in /Users/development/Sandbox/sqrl/index.php on line 32
[17-Jun-2019 23:43:21 UTC] PHP Notice:  Undefined property: Sqrl\Sqrl::$database in /Users/development/Sandbox/sqrl/Sqrl/Sqrl.php on line 335
[17-Jun-2019 23:43:21 UTC] PHP Fatal error:  Uncaught Error: Call to a member function storeIssuedNutRecord() on null in /Users/development/Sandbox/sqrl/Sqrl/Sqrl.php:335
Stack trace:
#0 /Users/development/Sandbox/sqrl/Sqrl/Sqrl.php(309): Sqrl\Sqrl->generateNut()
#1 /Users/development/Sandbox/sqrl/index.php(34): Sqrl\Sqrl->getUrl()
#2 {main}
  thrown in /Users/development/Sandbox/sqrl/Sqrl/Sqrl.php on line 335
[17-Jun-2019 23:43:28 UTC] PHP Notice:  SQRL Login Nut Generation -  in /Users/development/Sandbox/sqrl/index.php on line 32
[17-Jun-2019 23:43:28 UTC] PHP Notice:  Undefined property: Sqrl\Sqrl::$database in /Users/development/Sandbox/sqrl/Sqrl/Sqrl.php on line 335
[17-Jun-2019 23:43:28 UTC] PHP Fatal error:  Uncaught Error: Call to a member function storeIssuedNutRecord() on null in /Users/development/Sandbox/sqrl/Sqrl/Sqrl.php:335
Stack trace:
#0 /Users/development/Sandbox/sqrl/Sqrl/Sqrl.php(309): Sqrl\Sqrl->generateNut()
#1 /Users/development/Sandbox/sqrl/index.php(34): Sqrl\Sqrl->getUrl()
#2 {main}
  thrown in /Users/development/Sandbox/sqrl/Sqrl/Sqrl.php on line 335
[17-Jun-2019 23:43:33 UTC] PHP Notice:  SQRL Login Nut Generation -  in /Users/development/Sandbox/sqrl/index.php on line 32
[17-Jun-2019 23:43:33 UTC] PHP Notice:  Undefined property: Sqrl\Sqrl::$database in /Users/development/Sandbox/sqrl/Sqrl/Sqrl.php on line 335
[17-Jun-2019 23:43:33 UTC] PHP Fatal error:  Uncaught Error: Call to a member function storeIssuedNutRecord() on null in /Users/development/Sandbox/sqrl/Sqrl/Sqrl.php:335
Stack trace:
#0 /Users/development/Sandbox/sqrl/Sqrl/Sqrl.php(309): Sqrl\Sqrl->generateNut()
#1 /Users/development/Sandbox/sqrl/index.php(34): Sqrl\Sqrl->getUrl()
#2 {main}
  thrown in /Users/development/Sandbox/sqrl/Sqrl/Sqrl.php on line 335
[17-Jun-2019 23:43:45 UTC] PHP Notice:  SQRL Login Nut Generation -  in /Users/development/Sandbox/sqrl/index.php on line 32
[17-Jun-2019 23:43:45 UTC] PHP Notice:  Undefined property: Sqrl\Sqrl::$database in /Users/development/Sandbox/sqrl/Sqrl/Sqrl.php on line 335
[17-Jun-2019 23:43:45 UTC] PHP Fatal error:  Uncaught Error: Call to a member function storeIssuedNutRecord() on null in /Users/development/Sandbox/sqrl/Sqrl/Sqrl.php:335
Stack trace:
#0 /Users/development/Sandbox/sqrl/Sqrl/Sqrl.php(309): Sqrl\Sqrl->generateNut()
#1 /Users/development/Sandbox/sqrl/index.php(34): Sqrl\Sqrl->getUrl()
#2 {main}
  thrown in /Users/development/Sandbox/sqrl/Sqrl/Sqrl.php on line 335
[17-Jun-2019 23:44:01 UTC] PHP Notice:  SQRL Login Nut Generation -  in /Users/development/Sandbox/sqrl/index.php on line 32
[17-Jun-2019 23:44:01 UTC] PHP Notice:  Undefined property: Sqrl\Sqrl::$database in /Users/development/Sandbox/sqrl/Sqrl/Sqrl.php on line 336
[17-Jun-2019 23:44:01 UTC] PHP Fatal error:  Uncaught Error: Call to a member function storeIssuedNutRecord() on null in /Users/development/Sandbox/sqrl/Sqrl/Sqrl.php:336
Stack trace:
#0 /Users/development/Sandbox/sqrl/Sqrl/Sqrl.php(310): Sqrl\Sqrl->generateNut()
#1 /Users/development/Sandbox/sqrl/index.php(34): Sqrl\Sqrl->getUrl()
#2 {main}
  thrown in /Users/development/Sandbox/sqrl/Sqrl/Sqrl.php on line 336
[17-Jun-2019 23:44:10 UTC] PHP Notice:  SQRL Login Nut Generation -  in /Users/development/Sandbox/sqrl/index.php on line 32
[17-Jun-2019 23:44:10 UTC] PHP Notice:  Undefined property: Sqrl\Sqrl::$database in /Users/development/Sandbox/sqrl/Sqrl/Sqrl.php on line 336
[17-Jun-2019 23:44:10 UTC] PHP Fatal error:  Uncaught Error: Call to a member function storeIssuedNutRecord() on null in /Users/development/Sandbox/sqrl/Sqrl/Sqrl.php:336
Stack trace:
#0 /Users/development/Sandbox/sqrl/Sqrl/Sqrl.php(309): Sqrl\Sqrl->generateNut()
#1 /Users/development/Sandbox/sqrl/index.php(34): Sqrl\Sqrl->getUrl()
#2 {main}
  thrown in /Users/development/Sandbox/sqrl/Sqrl/Sqrl.php on line 336
[17-Jun-2019 23:44:42 UTC] PHP Notice:  SQRL Login Nut Generation -  in /Users/development/Sandbox/sqrl/index.php on line 32
[17-Jun-2019 23:44:42 UTC] PHP Fatal error:  Uncaught Error: Call to undefined method PDO::storeIssuedNutRecord() in /Users/development/Sandbox/sqrl/Sqrl/Sqrl.php:335
Stack trace:
#0 /Users/development/Sandbox/sqrl/Sqrl/Sqrl.php(309): Sqrl\Sqrl->generateNut()
#1 /Users/development/Sandbox/sqrl/index.php(34): Sqrl\Sqrl->getUrl()
#2 {main}
  thrown in /Users/development/Sandbox/sqrl/Sqrl/Sqrl.php on line 335
[17-Jun-2019 23:44:54 UTC] PHP Notice:  SQRL Login Nut Generation -  in /Users/development/Sandbox/sqrl/index.php on line 32
[17-Jun-2019 23:44:54 UTC] PHP Fatal error:  Uncaught Error: Call to undefined method PDO::storeIssuedNutRecord() in /Users/development/Sandbox/sqrl/Sqrl/Sqrl.php:335
Stack trace:
#0 /Users/development/Sandbox/sqrl/Sqrl/Sqrl.php(309): Sqrl\Sqrl->generateNut()
#1 /Users/development/Sandbox/sqrl/index.php(34): Sqrl\Sqrl->getUrl()
#2 {main}
  thrown in /Users/development/Sandbox/sqrl/Sqrl/Sqrl.php on line 335
[17-Jun-2019 23:45:02 UTC] PHP Notice:  SQRL Login Nut Generation -  in /Users/development/Sandbox/sqrl/index.php on line 32
[17-Jun-2019 23:45:02 UTC] PHP Fatal error:  Uncaught Error: Call to undefined method PDO::storeIssuedNutRecord() in /Users/development/Sandbox/sqrl/Sqrl/Sqrl.php:336
Stack trace:
#0 /Users/development/Sandbox/sqrl/Sqrl/Sqrl.php(309): Sqrl\Sqrl->generateNut()
#1 /Users/development/Sandbox/sqrl/index.php(34): Sqrl\Sqrl->getUrl()
#2 {main}
  thrown in /Users/development/Sandbox/sqrl/Sqrl/Sqrl.php on line 336
[17-Jun-2019 23:45:11 UTC] PHP Notice:  SQRL Login Nut Generation -  in /Users/development/Sandbox/sqrl/index.php on line 32
[17-Jun-2019 23:45:11 UTC] PHP Fatal error:  Uncaught Error: Call to undefined method PDO::storeIssuedNutRecord() in /Users/development/Sandbox/sqrl/Sqrl/Sqrl.php:337
Stack trace:
#0 /Users/development/Sandbox/sqrl/Sqrl/Sqrl.php(309): Sqrl\Sqrl->generateNut()
#1 /Users/development/Sandbox/sqrl/index.php(34): Sqrl\Sqrl->getUrl()
#2 {main}
  thrown in /Users/development/Sandbox/sqrl/Sqrl/Sqrl.php on line 337
[17-Jun-2019 23:45:19 UTC] PHP Notice:  SQRL Login Nut Generation -  in /Users/development/Sandbox/sqrl/index.php on line 32
[17-Jun-2019 23:45:19 UTC] PHP Fatal error:  Uncaught Error: Call to undefined method PDO::storeIssuedNutRecord() in /Users/development/Sandbox/sqrl/Sqrl/Sqrl.php:337
Stack trace:
#0 /Users/development/Sandbox/sqrl/Sqrl/Sqrl.php(309): Sqrl\Sqrl->generateNut()
#1 /Users/development/Sandbox/sqrl/index.php(34): Sqrl\Sqrl->getUrl()
#2 {main}
  thrown in /Users/development/Sandbox/sqrl/Sqrl/Sqrl.php on line 337
[17-Jun-2019 23:45:29 UTC] PHP Notice:  SQRL Login Nut Generation -  in /Users/development/Sandbox/sqrl/index.php on line 32
[17-Jun-2019 23:45:29 UTC] PHP Fatal error:  Uncaught Error: Call to undefined method PDO::storeIssuedNutRecord() in /Users/development/Sandbox/sqrl/Sqrl/Sqrl.php:337
Stack trace:
#0 /Users/development/Sandbox/sqrl/Sqrl/Sqrl.php(309): Sqrl\Sqrl->generateNut()
#1 /Users/development/Sandbox/sqrl/index.php(34): Sqrl\Sqrl->getUrl()
#2 {main}
  thrown in /Users/development/Sandbox/sqrl/Sqrl/Sqrl.php on line 337
[17-Jun-2019 23:45:44 UTC] PHP Notice:  SQRL Login Nut Generation -  in /Users/development/Sandbox/sqrl/index.php on line 32
[17-Jun-2019 23:45:44 UTC] PHP Fatal error:  Uncaught Error: Call to undefined method PDO::storeIssuedNutRecord() in /Users/development/Sandbox/sqrl/Sqrl/Sqrl.php:337
Stack trace:
#0 /Users/development/Sandbox/sqrl/Sqrl/Sqrl.php(309): Sqrl\Sqrl->generateNut()
#1 /Users/development/Sandbox/sqrl/index.php(34): Sqrl\Sqrl->getUrl()
#2 {main}
  thrown in /Users/development/Sandbox/sqrl/Sqrl/Sqrl.php on line 337
[17-Jun-2019 23:47:36 UTC] PHP Notice:  SQRL Login Nut Generation -  in /Users/development/Sandbox/sqrl/index.php on line 32
[17-Jun-2019 23:47:36 UTC] PHP Fatal error:  Uncaught Error: Call to a member function storeIssuedNutRecord() on null in /Users/development/Sandbox/sqrl/Sqrl/Sqrl.php:337
Stack trace:
#0 /Users/development/Sandbox/sqrl/Sqrl/Sqrl.php(309): Sqrl\Sqrl->generateNut()
#1 /Users/development/Sandbox/sqrl/index.php(34): Sqrl\Sqrl->getUrl()
#2 {main}
  thrown in /Users/development/Sandbox/sqrl/Sqrl/Sqrl.php on line 337
[17-Jun-2019 23:47:38 UTC] PHP Notice:  SQRL Login Nut Generation -  in /Users/development/Sandbox/sqrl/index.php on line 32
[17-Jun-2019 23:47:38 UTC] PHP Fatal error:  Uncaught Error: Call to a member function storeIssuedNutRecord() on null in /Users/development/Sandbox/sqrl/Sqrl/Sqrl.php:337
Stack trace:
#0 /Users/development/Sandbox/sqrl/Sqrl/Sqrl.php(309): Sqrl\Sqrl->generateNut()
#1 /Users/development/Sandbox/sqrl/index.php(34): Sqrl\Sqrl->getUrl()
#2 {main}
  thrown in /Users/development/Sandbox/sqrl/Sqrl/Sqrl.php on line 337
[17-Jun-2019 23:49:19 UTC] PHP Notice:  SQRL Login Nut Generation -  in /Users/development/Sandbox/sqrl/index.php on line 32
[17-Jun-2019 23:49:19 UTC] PHP Warning:  imagepng(images/qr_codes/5h01ht6p0a3fc4384r0rjablpt.png): failed to open stream: Permission denied in /Users/development/Sandbox/sqrl/vendor/endroid/qr-code/src/Endroid/QrCode/QrCode.php on line 359
[17-Jun-2019 23:49:19 UTC] PHP Notice:  Undefined variable: database in /Users/development/Sandbox/sqrl/index.php on line 40
[17-Jun-2019 23:49:19 UTC] PHP Fatal error:  Uncaught Error: Call to a member function clearExpiredNuts() on null in /Users/development/Sandbox/sqrl/index.php:40
Stack trace:
#0 {main}
  thrown in /Users/development/Sandbox/sqrl/index.php on line 40
[17-Jun-2019 23:50:50 UTC] PHP Notice:  SQRL Login Nut Generation -  in /Users/development/Sandbox/sqrl/index.php on line 32
[17-Jun-2019 23:50:50 UTC] PHP Warning:  imagepng(images/qr_codes/5h01ht6p0a3fc4384r0rjablpt.png): failed to open stream: Permission denied in /Users/development/Sandbox/sqrl/vendor/endroid/qr-code/src/Endroid/QrCode/QrCode.php on line 359
[17-Jun-2019 23:50:50 UTC] PHP Notice:  Undefined variable: database in /Users/development/Sandbox/sqrl/index.php on line 40
[17-Jun-2019 23:50:50 UTC] PHP Fatal error:  Uncaught Error: Call to a member function clearExpiredNuts() on null in /Users/development/Sandbox/sqrl/index.php:40
Stack trace:
#0 {main}
  thrown in /Users/development/Sandbox/sqrl/index.php on line 40
[17-Jun-2019 23:52:41 UTC] PHP Notice:  SQRL Login Nut Generation -  in /Users/development/Sandbox/sqrl/index.php on line 32
[17-Jun-2019 23:52:50 UTC] PHP Notice:  SQRL Login Nut Generation -  in /Users/development/Sandbox/sqrl/index.php on line 32
[17-Jun-2019 23:53:29 UTC] PHP Notice:  SQRL Login Nut Generation -  in /Users/development/Sandbox/sqrl/index.php on line 32
[17-Jun-2019 23:53:30 UTC] PHP Warning:  imagepng(images/5h01ht6p0a3fc4384r0rjablpt.png): failed to open stream: Permission denied in /Users/development/Sandbox/sqrl/vendor/endroid/qr-code/src/Endroid/QrCode/QrCode.php on line 359
[17-Jun-2019 23:55:31 UTC] PHP Notice:  SQRL Login Nut Generation -  in /Users/development/Sandbox/sqrl/index.php on line 32
[17-Jun-2019 23:57:05 UTC] PHP Notice:  SQRL Login Nut Generation -  in /Users/development/Sandbox/sqrl/index.php on line 32
[17-Jun-2019 23:57:15 UTC] PHP Notice:  SQRL Login Nut Generation -  in /Users/development/Sandbox/sqrl/index.php on line 32
